  array.cpp
D:\Project\c++_pr\selection_cpp\array\array\array_task.h(29,15): warning C4244: +=: преобразование "double" в "int", возможна потеря данных
D:\Project\c++_pr\selection_cpp\array\array\array_task.h(42,20): warning C4244: +=: преобразование "double" в "int", возможна потеря данных
D:\Project\c++_pr\selection_cpp\array\array\help_func.h(12,14): warning C4244: инициализация: преобразование "T" в "int", возможна потеря данных
          with
          [
              T=double
          ]
D:\Project\c++_pr\selection_cpp\array\array\array_task.h(100,2): message : выполняется компиляция ссылки на экземпляр шаблон функции "T bubbleSort<double>(T [],int)"
          with
          [
              T=double
          ]
D:\Project\c++_pr\selection_cpp\array\array\help_func.h(26,16): warning C4244: инициализация: преобразование "double" в "size_t", возможна потеря данных
D:\Project\c++_pr\selection_cpp\array\array\array.cpp(10,2): message : выполняется компиляция ссылки на экземпляр шаблон функции "T print_array<double>(T [],int)"
          with
          [
              T=double
          ]
  array.vcxproj -> D:\Project\c++_pr\selection_cpp\array\x64\Debug\array.exe
