  loop.cpp
D:\Project\c++_pr\selection_cpp\loop\loop\help_func.h(8,16): warning C4267: инициализация: преобразование из "size_t" в "int"; возможна потеря данных
D:\Project\c++_pr\selection_cpp\loop\loop\solution_task_for.h(43,98): warning C4244: +=: преобразование "double" в "int", возможна потеря данных
D:\Project\c++_pr\selection_cpp\loop\loop\solution_task_for.h(51,98): warning C4244: +=: преобразование "double" в "int", возможна потеря данных
D:\Project\c++_pr\selection_cpp\loop\loop\solution_task_for.h(71,103): warning C4244: =: преобразование "double" в "int", возможна потеря данных
D:\Project\c++_pr\selection_cpp\loop\loop\solution_task_for.h(75,104): warning C4244: +=: преобразование "double" в "int", возможна потеря данных
D:\Project\c++_pr\selection_cpp\loop\loop\solution_task_for.h(79,121): warning C4244: -=: преобразование "double" в "int", возможна потеря данных
D:\Project\c++_pr\selection_cpp\loop\loop\solution_task_for.h(79,153): warning C4244: +=: преобразование "double" в "int", возможна потеря данных
D:\Project\c++_pr\selection_cpp\loop\loop\solution_task_for.h(83,95): warning C4244: +=: преобразование "double" в "int", возможна потеря данных
D:\Project\c++_pr\selection_cpp\loop\loop\solution_task_for.h(87,112): warning C4244: аргумент: преобразование "double" в "int", возможна потеря данных
D:\Project\c++_pr\selection_cpp\loop\loop\solution_task_for.h(91,135): warning C4244: аргумент: преобразование "double" в "int", возможна потеря данных
D:\Project\c++_pr\selection_cpp\loop\loop\solution_task_for.h(127,98): warning C4244: +=: преобразование "double" в "int", возможна потеря данных
D:\Project\c++_pr\selection_cpp\loop\loop\template_all.h(6,18): warning C4244: аргумент: преобразование "T" в "int", возможна потеря данных
          with
          [
              T=double
          ]
D:\Project\c++_pr\selection_cpp\loop\loop\solution_task_for.h(95,15): message : выполняется компиляция ссылки на экземпляр шаблон функции "T task_for<double,sum_factorials_v4::<lambda_1>>(T,T,T,T,Function)"
          with
          [
              T=double,
              Function=sum_factorials_v4::<lambda_1>
          ]
D:\Project\c++_pr\selection_cpp\loop\loop\solution_task_for.h(147): warning C4715: `task_number_39'::`2'::<lambda_1>::operator(): значение возвращается не при всех путях выполнения
D:\Project\c++_pr\selection_cpp\loop\loop\solution_task_for.h(151): warning C4715: `task_number_40'::`2'::<lambda_1>::operator(): значение возвращается не при всех путях выполнения
  loop.vcxproj -> D:\Project\c++_pr\selection_cpp\loop\x64\Debug\loop.exe
